usdkndemo/app/build/outputs/logs/manifest-merger-debug-report.txt
-- Merging decision tree log ---
manifest
ADDED from src/main/AndroidManifest.xml:2:1-52:12
INJECTED from src/main/AndroidManifest.xml:2:1-52:12
INJECTED from src/main/AndroidManifest.xml:2:1-52:12
INJECTED from src/main/AndroidManifest.xml:2:1-52:12
MERGED from [:adsdk] AndroidManifest.xml:2:1-127:12
MERGED from [open_ad_sdk.aar] AndroidManifest.xml:2:1-35:12
MERGED from [com.android.support:appcompat-v7:26.1.0] AndroidManifest.xml:17:1-31:12
MERGED from [com.android.support.constraint:constraint-layout:1.1.2] AndroidManifest.xml:2:1-11:12
MERGED from [pl.droidsonroids.gif:android-gif-drawable:1.2.6] AndroidManifest.xml:2:1-11:12
MERGED from [com.android.support:animated-vector-drawable:26.1.0] AndroidManifest.xml:17:1-28:12
MERGED from [com.android.support:support-vector-drawable:26.1.0] AndroidManifest.xml:17:1-28:12
MERGED from [com.android.support:support-v4:26.1.0] AndroidManifest.xml:17:1-31:12
MERGED from [com.android.support:support-media-compat:26.1.0] AndroidManifest.xml:17:1-31:12
MERGED from [com.android.support:support-fragment:26.1.0] AndroidManifest.xml:17:1-31:12
MERGED from [com.android.support:support-core-utils:26.1.0] AndroidManifest.xml:17:1-31:12
MERGED from [com.android.support:support-core-ui:26.1.0] AndroidManifest.xml:17:1-31:12
MERGED from [com.android.support:support-compat:26.1.0] AndroidManifest.xml:17:1-31:12
MERGED from [android.arch.lifecycle:runtime:1.0.0] AndroidManifest.xml:17:1-30:12
INJECTED from src/main/AndroidManifest.xml:2:1-52:12
INJECTED from src/main/AndroidManifest.xml:2:1-52:12
INJECTED from src/main/AndroidManifest.xml:2:1-52:12
	package
		ADDED from src/main/AndroidManifest.xml:3:5-36
		INJECTED from src/main/AndroidManifest.xml
		INJECTED from src/main/AndroidManifest.xml
	android:versionName
		INJECTED from src/main/AndroidManifest.xml
		ADDED from src/main/AndroidManifest.xml:2:1-52:12
		INJECTED from src/main/AndroidManifest.xml
	android:versionCode
		INJECTED from src/main/AndroidManifest.xml
		ADDED from src/main/AndroidManifest.xml:2:1-52:12
		INJECTED from src/main/AndroidManifest.xml
	xmlns:android
		ADDED from src/main/AndroidManifest.xml:2:11-69
uses-permission#android.permission.ACCESS_NETWORK_STATE
ADDED from src/main/AndroidManifest.xml:5:5-79
MERGED from [:adsdk] AndroidManifest.xml:11:5-79
MERGED from [:adsdk] AndroidManifest.xml:11:5-79
	android:name
		ADDED from src/main/AndroidManifest.xml:5:22-76
uses-permission#android.permission.ACCESS_WIFI_STATE
ADDED from src/main/AndroidManifest.xml:6:5-76
MERGED from [:adsdk] AndroidManifest.xml:12:5-76
MERGED from [:adsdk] AndroidManifest.xml:12:5-76
	android:name
		ADDED from src/main/AndroidManifest.xml:6:22-73
uses-permission#android.permission.ACCESS_FINE_LOCATION
ADDED from src/main/AndroidManifest.xml:7:5-79
	android:name
		ADDED from src/main/AndroidManifest.xml:7:22-76
uses-permission#android.permission.CHANGE_WIFI_STATE
ADDED from src/main/AndroidManifest.xml:8:5-76
MERGED from [:adsdk] AndroidManifest.xml:13:5-76
MERGED from [:adsdk] AndroidManifest.xml:13:5-76
	android:name
		ADDED from src/main/AndroidManifest.xml:8:22-73
uses-permission#android.permission.CHANGE_NETWORK_STATE
ADDED from src/main/AndroidManifest.xml:9:5-79
MERGED from [:adsdk] AndroidManifest.xml:14:5-79
MERGED from [:adsdk] AndroidManifest.xml:14:5-79
	android:name
		ADDED from src/main/AndroidManifest.xml:9:22-76
uses-permission#android.permission.INTERNET
ADDED from src/main/AndroidManifest.xml:10:5-67
MERGED from [:adsdk] AndroidManifest.xml:15:5-67
MERGED from [:adsdk] AndroidManifest.xml:15:5-67
	android:name
		ADDED from src/main/AndroidManifest.xml:10:22-64
uses-permission#android.permission.READ_PHONE_STATE
ADDED from src/main/AndroidManifest.xml:11:5-75
MERGED from [:adsdk] AndroidManifest.xml:16:5-75
MERGED from [:adsdk] AndroidManifest.xml:16:5-75
	android:name
		ADDED from src/main/AndroidManifest.xml:11:22-72
uses-permission#android.permission.READ_EXTERNAL_STORAGE
ADDED from src/main/AndroidManifest.xml:12:5-80
MERGED from [:adsdk] AndroidManifest.xml:17:5-80
MERGED from [:adsdk] AndroidManifest.xml:17:5-80
	android:name
		ADDED from src/main/AndroidManifest.xml:12:22-77
uses-permission#android.permission.WRITE_EXTERNAL_STORAGE
ADDED from src/main/AndroidManifest.xml:13:5-81
MERGED from [:adsdk] AndroidManifest.xml:18:5-81
MERGED from [:adsdk] AndroidManifest.xml:18:5-81
	android:name
		ADDED from src/main/AndroidManifest.xml:13:22-78
application
ADDED from src/main/AndroidManifest.xml:15:5-50:19
MERGED from [:adsdk] AndroidManifest.xml:24:5-125:19
MERGED from [:adsdk] AndroidManifest.xml:24:5-125:19
MERGED from [open_ad_sdk.aar] AndroidManifest.xml:12:5-33:19
MERGED from [open_ad_sdk.aar] AndroidManifest.xml:12:5-33:19
MERGED from [com.android.support:appcompat-v7:26.1.0] AndroidManifest.xml:25:5-29:19
MERGED from [com.android.support:appcompat-v7:26.1.0] AndroidManifest.xml:25:5-29:19
MERGED from [com.android.support.constraint:constraint-layout:1.1.2] AndroidManifest.xml:9:5-20
MERGED from [com.android.support.constraint:constraint-layout:1.1.2] AndroidManifest.xml:9:5-20
MERGED from [com.android.support:animated-vector-drawable:26.1.0] AndroidManifest.xml:22:5-26:19
MERGED from [com.android.support:animated-vector-drawable:26.1.0] AndroidManifest.xml:22:5-26:19
MERGED from [com.android.support:support-vector-drawable:26.1.0] AndroidManifest.xml:22:5-26:19
MERGED from [com.android.support:support-vector-drawable:26.1.0] AndroidManifest.xml:22:5-26:19
MERGED from [com.android.support:support-v4:26.1.0] AndroidManifest.xml:25:5-29:19
MERGED from [com.android.support:support-v4:26.1.0] AndroidManifest.xml:25:5-29:19
MERGED from [com.android.support:support-media-compat:26.1.0] AndroidManifest.xml:25:5-29:19
MERGED from [com.android.support:support-media-compat:26.1.0] AndroidManifest.xml:25:5-29:19
MERGED from [com.android.support:support-fragment:26.1.0] AndroidManifest.xml:25:5-29:19
MERGED from [com.android.support:support-fragment:26.1.0] AndroidManifest.xml:25:5-29:19
MERGED from [com.android.support:support-core-utils:26.1.0] AndroidManifest.xml:25:5-29:19
MERGED from [com.android.support:support-core-utils:26.1.0] AndroidManifest.xml:25:5-29:19
MERGED from [com.android.support:support-core-ui:26.1.0] AndroidManifest.xml:25:5-29:19
MERGED from [com.android.support:support-core-ui:26.1.0] AndroidManifest.xml:25:5-29:19
MERGED from [com.android.support:support-compat:26.1.0] AndroidManifest.xml:25:5-29:19
MERGED from [com.android.support:support-compat:26.1.0] AndroidManifest.xml:25:5-29:19
MERGED from [android.arch.lifecycle:runtime:1.0.0] AndroidManifest.xml:24:5-28:19
MERGED from [android.arch.lifecycle:runtime:1.0.0] AndroidManifest.xml:24:5-28:19
	android:supportsRtl
		ADDED from src/main/AndroidManifest.xml:20:9-35
	android:label
		ADDED from src/main/AndroidManifest.xml:18:9-41
	android:roundIcon
		ADDED from src/main/AndroidManifest.xml:19:9-54
	android:icon
		ADDED from src/main/AndroidManifest.xml:17:9-45
	android:allowBackup
		ADDED from src/main/AndroidManifest.xml:16:9-35
	android:theme
		ADDED from src/main/AndroidManifest.xml:21:9-40
activity#com.wppai.adusdk.demo.SplashActivity
ADDED from src/main/AndroidManifest.xml:22:9-31:20
	android:screenOrientation
		ADDED from src/main/AndroidManifest.xml:25:13-49
	android:label
		ADDED from src/main/AndroidManifest.xml:24:13-44
	android:name
		ADDED from src/main/AndroidManifest.xml:23:13-43
intent-filter#action:name:android.intent.action.MAIN+category:name:android.intent.category.LAUNCHER
ADDED from src/main/AndroidManifest.xml:26:13-30:29
action#android.intent.action.MAIN
ADDED from src/main/AndroidManifest.xml:27:17-69
	android:name
		ADDED from src/main/AndroidManifest.xml:27:25-66
category#android.intent.category.LAUNCHER
ADDED from src/main/AndroidManifest.xml:29:17-77
	android:name
		ADDED from src/main/AndroidManifest.xml:29:27-74
activity#com.wppai.adusdk.demo.BannerActivity
ADDED from src/main/AndroidManifest.xml:33:9-36:84
	android:label
		ADDED from src/main/AndroidManifest.xml:35:13-41
	android:windowSoftInputMode
		ADDED from src/main/AndroidManifest.xml:36:13-72
	android:name
		ADDED from src/main/AndroidManifest.xml:34:13-43
activity#com.wppai.adusdk.demo.MainActivity
ADDED from src/main/AndroidManifest.xml:38:9-40:47
	android:launchMode
		ADDED from src/main/AndroidManifest.xml:40:13-44
	android:name
		ADDED from src/main/AndroidManifest.xml:39:13-41
activity#com.wppai.adusdk.demo.InterstitialActivity
ADDED from src/main/AndroidManifest.xml:41:9-43:39
	android:label
		ADDED from src/main/AndroidManifest.xml:43:13-36
	android:name
		ADDED from src/main/AndroidManifest.xml:42:13-49
activity#com.wppai.adusdk.demo.NativeActivity
ADDED from src/main/AndroidManifest.xml:44:9-46:45
	android:label
		ADDED from src/main/AndroidManifest.xml:46:13-42
	android:name
		ADDED from src/main/AndroidManifest.xml:45:13-43
activity#com.wppai.adusdk.demo.NativeVerticalActivity
ADDED from src/main/AndroidManifest.xml:47:9-49:45
	android:label
		ADDED from src/main/AndroidManifest.xml:49:13-42
	android:name
		ADDED from src/main/AndroidManifest.xml:48:13-51
uses-sdk
INJECTED from src/main/AndroidManifest.xml reason: use-sdk injection requested
INJECTED from src/main/AndroidManifest.xml
INJECTED from src/main/AndroidManifest.xml
MERGED from [:adsdk] AndroidManifest.xml:7:5-9:41
MERGED from [:adsdk] AndroidManifest.xml:7:5-9:41
MERGED from [open_ad_sdk.aar] AndroidManifest.xml:7:5-10:419
MERGED from [open_ad_sdk.aar] AndroidManifest.xml:7:5-10:419
MERGED from [com.android.support:appcompat-v7:26.1.0] AndroidManifest.xml:21:5-23:78
MERGED from [com.android.support:appcompat-v7:26.1.0] AndroidManifest.xml:21:5-23:78
MERGED from [com.android.support.constraint:constraint-layout:1.1.2] AndroidManifest.xml:5:5-7:41
MERGED from [com.android.support.constraint:constraint-layout:1.1.2] AndroidManifest.xml:5:5-7:41
MERGED from [pl.droidsonroids.gif:android-gif-drawable:1.2.6] AndroidManifest.xml:7:5-9:41
MERGED from [pl.droidsonroids.gif:android-gif-drawable:1.2.6] AndroidManifest.xml:7:5-9:41
MERGED from [com.android.support:animated-vector-drawable:26.1.0] AndroidManifest.xml:20:5-44
MERGED from [com.android.support:animated-vector-drawable:26.1.0] AndroidManifest.xml:20:5-44
MERGED from [com.android.support:support-vector-drawable:26.1.0] AndroidManifest.xml:20:5-44
MERGED from [com.android.support:support-vector-drawable:26.1.0] AndroidManifest.xml:20:5-44
MERGED from [com.android.support:support-v4:26.1.0] AndroidManifest.xml:21:5-23:54
MERGED from [com.android.support:support-v4:26.1.0] AndroidManifest.xml:21:5-23:54
MERGED from [com.android.support:support-media-compat:26.1.0] AndroidManifest.xml:21:5-23:63
MERGED from [com.android.support:support-media-compat:26.1.0] AndroidManifest.xml:21:5-23:63
MERGED from [com.android.support:support-fragment:26.1.0] AndroidManifest.xml:21:5-23:60
MERGED from [com.android.support:support-fragment:26.1.0] AndroidManifest.xml:21:5-23:60
MERGED from [com.android.support:support-core-utils:26.1.0] AndroidManifest.xml:21:5-23:61
MERGED from [com.android.support:support-core-utils:26.1.0] AndroidManifest.xml:21:5-23:61
MERGED from [com.android.support:support-core-ui:26.1.0] AndroidManifest.xml:21:5-23:58
MERGED from [com.android.support:support-core-ui:26.1.0] AndroidManifest.xml:21:5-23:58
MERGED from [com.android.support:support-compat:26.1.0] AndroidManifest.xml:21:5-23:58
MERGED from [com.android.support:support-compat:26.1.0] AndroidManifest.xml:21:5-23:58
MERGED from [android.arch.lifecycle:runtime:1.0.0] AndroidManifest.xml:20:5-22:41
MERGED from [android.arch.lifecycle:runtime:1.0.0] AndroidManifest.xml:20:5-22:41
INJECTED from src/main/AndroidManifest.xml
INJECTED from src/main/AndroidManifest.xml
	tools:overrideLibrary
		ADDED from [open_ad_sdk.aar] AndroidManifest.xml:10:9-416
	android:targetSdkVersion
		INJECTED from src/main/AndroidManifest.xml
		ADDED from src/main/AndroidManifest.xml
		INJECTED from src/main/AndroidManifest.xml
	android:minSdkVersion
		INJECTED from src/main/AndroidManifest.xml
		ADDED from src/main/AndroidManifest.xml
		INJECTED from src/main/AndroidManifest.xml
uses-permission#android.permission.EXPAND_STATUS_BAR
ADDED from [:adsdk] AndroidManifest.xml:19:5-76
	android:name
		ADDED from [:adsdk] AndroidManifest.xml:19:22-73
uses-permission#android.permission.SYSTEM_ALERT_WINDOW
ADDED from [:adsdk] AndroidManifest.xml:20:5-78
	android:name
		ADDED from [:adsdk] AndroidManifest.xml:20:22-75
uses-permission#android.permission.ACCESS_COARSE_LOCATION
ADDED from [:adsdk] AndroidManifest.xml:21:5-81
	android:name
		ADDED from [:adsdk] AndroidManifest.xml:21:22-78
uses-permission#android.permission.REQUEST_INSTALL_PACKAGES
ADDED from [:adsdk] AndroidManifest.xml:22:5-83
	android:name
		ADDED from [:adsdk] AndroidManifest.xml:22:22-80
activity#com.wppai.adsdk.WebViewActivity
ADDED from [:adsdk] AndroidManifest.xml:28:9-43:20
	android:screenOrientation
		ADDED from [:adsdk] AndroidManifest.xml:31:13-49
	android:hardwareAccelerated
		ADDED from [:adsdk] AndroidManifest.xml:30:13-47
	android:theme
		ADDED from [:adsdk] AndroidManifest.xml:32:13-60
	android:name
		ADDED from [:adsdk] AndroidManifest.xml:29:13-59
intent-filter#action:name:android.intent.action.VIEW+category:name:android.intent.category.BROWSABLE+category:name:android.intent.category.DEFAULT+data:host:share+data:scheme:will
ADDED from [:adsdk] AndroidManifest.xml:33:13-42:29
action#android.intent.action.VIEW
ADDED from [:adsdk] AndroidManifest.xml:34:17-69
	android:name
		ADDED from [:adsdk] AndroidManifest.xml:34:25-66
category#android.intent.category.DEFAULT
ADDED from [:adsdk] AndroidManifest.xml:36:17-76
	android:name
		ADDED from [:adsdk] AndroidManifest.xml:36:27-73
category#android.intent.category.BROWSABLE
ADDED from [:adsdk] AndroidManifest.xml:37:17-78
	android:name
		ADDED from [:adsdk] AndroidManifest.xml:37:27-75
data
ADDED from [:adsdk] AndroidManifest.xml:39:17-41:45
	android:host
		ADDED from [:adsdk] AndroidManifest.xml:40:21-41
	android:scheme
		ADDED from [:adsdk] AndroidManifest.xml:41:21-42
activity#com.wppai.adsdk.AdDialogActivity
ADDED from [:adsdk] AndroidManifest.xml:44:9-47:59
	android:screenOrientation
		ADDED from [:adsdk] AndroidManifest.xml:46:13-49
	android:theme
		ADDED from [:adsdk] AndroidManifest.xml:47:13-56
	android:name
		ADDED from [:adsdk] AndroidManifest.xml:45:13-60
receiver#com.wppai.adsdk.comm.NotificationBroadcastReceiver
ADDED from [:adsdk] AndroidManifest.xml:49:9-55:20
	android:name
		ADDED from [:adsdk] AndroidManifest.xml:49:19-84
intent-filter#action:name:notification_cancelled+data:scheme:package
ADDED from [:adsdk] AndroidManifest.xml:50:13-54:29
action#notification_cancelled
ADDED from [:adsdk] AndroidManifest.xml:51:17-65
	android:name
		ADDED from [:adsdk] AndroidManifest.xml:51:25-62
receiver#com.wppai.adsdk.WebViewActivity$DownloadReceiver
ADDED from [:adsdk] AndroidManifest.xml:56:9-60:20
	android:name
		ADDED from [:adsdk] AndroidManifest.xml:56:19-82
intent-filter#action:name:android.intent.action.DOWNLOAD_COMPLETE
ADDED from [:adsdk] AndroidManifest.xml:57:13-59:29
action#android.intent.action.DOWNLOAD_COMPLETE
ADDED from [:adsdk] AndroidManifest.xml:58:17-82
	android:name
		ADDED from [:adsdk] AndroidManifest.xml:58:25-79
provider#com.liulishuo.okdownload.OkDownloadProvider
ADDED from [:adsdk] AndroidManifest.xml:62:9-65:40
	android:authorities
		ADDED from [:adsdk] AndroidManifest.xml:64:13-76
	android:exported
		ADDED from [:adsdk] AndroidManifest.xml:65:13-37
	android:name
		ADDED from [:adsdk] AndroidManifest.xml:63:13-71
provider#com.wppai.adsdk.comm.WPPAIFileProvider
ADDED from [:adsdk] AndroidManifest.xml:66:9-74:20
	android:grantUriPermissions
		ADDED from [:adsdk] AndroidManifest.xml:70:13-47
	android:authorities
		ADDED from [:adsdk] AndroidManifest.xml:68:13-70
	android:exported
		ADDED from [:adsdk] AndroidManifest.xml:69:13-37
	android:name
		ADDED from [:adsdk] AndroidManifest.xml:67:13-66
meta-data#android.support.FILE_PROVIDER_PATHS
ADDED from [:adsdk] AndroidManifest.xml:71:13-73:60
	android:resource
		ADDED from [:adsdk] AndroidManifest.xml:73:17-57
	android:name
		ADDED from [:adsdk] AndroidManifest.xml:72:17-67
provider#android.support.v4.content.FileProvider
ADDED from [:adsdk] AndroidManifest.xml:77:9-85:20
	android:grantUriPermissions
		ADDED from [:adsdk] AndroidManifest.xml:81:13-47
	android:authorities
		ADDED from [:adsdk] AndroidManifest.xml:79:13-64
	android:exported
		ADDED from [:adsdk] AndroidManifest.xml:80:13-37
	android:name
		ADDED from [:adsdk] AndroidManifest.xml:78:13-67
service#com.qq.e.comm.DownloadService
ADDED from [:adsdk] AndroidManifest.xml:87:9-89:40
	android:exported
		ADDED from [:adsdk] AndroidManifest.xml:89:13-37
	android:name
		ADDED from [:adsdk] AndroidManifest.xml:88:13-57
activity#com.qq.e.ads.ADActivity
ADDED from [:adsdk] AndroidManifest.xml:91:9-93:86
	android:configChanges
		ADDED from [:adsdk] AndroidManifest.xml:93:13-83
	android:name
		ADDED from [:adsdk] AndroidManifest.xml:92:13-51
provider#com.baidu.mobads.openad.FileProvider
ADDED from [:adsdk] AndroidManifest.xml:96:9-104:20
	android:grantUriPermissions
		ADDED from [:adsdk] AndroidManifest.xml:100:13-47
	android:authorities
		ADDED from [:adsdk] AndroidManifest.xml:98:13-63
	android:exported
		ADDED from [:adsdk] AndroidManifest.xml:99:13-37
	android:name
		ADDED from [:adsdk] AndroidManifest.xml:97:13-64
activity#com.baidu.mobads.AppActivity
ADDED from [:adsdk] AndroidManifest.xml:106:9-109:75
	android:configChanges
		ADDED from [:adsdk] AndroidManifest.xml:108:13-83
	android:theme
		ADDED from [:adsdk] AndroidManifest.xml:109:13-72
	android:name
		ADDED from [:adsdk] AndroidManifest.xml:107:13-56
provider#com.wppai.adsdk.comm.TTFileProvider
ADDED from [:adsdk] AndroidManifest.xml:112:9-120:20
	android:grantUriPermissions
		ADDED from [:adsdk] AndroidManifest.xml:116:13-47
	android:authorities
		ADDED from [:adsdk] AndroidManifest.xml:114:13-64
	android:exported
		ADDED from [:adsdk] AndroidManifest.xml:115:13-37
	android:name
		ADDED from [:adsdk] AndroidManifest.xml:113:13-63
provider#com.bytedance.sdk.openadsdk.service.TTDownloadProvider
ADDED from [:adsdk] AndroidManifest.xml:121:9-124:40
	android:authorities
		ADDED from [:adsdk] AndroidManifest.xml:123:13-66
	android:exported
		ADDED from [:adsdk] AndroidManifest.xml:124:13-37
	android:name
		ADDED from [:adsdk] AndroidManifest.xml:122:13-82
activity#com.bytedance.sdk.openadsdk.activity.TTLandingPageActivity
ADDED from [open_ad_sdk.aar] AndroidManifest.xml:15:9-17:47
	android:launchMode
		ADDED from [open_ad_sdk.aar] AndroidManifest.xml:17:13-44
	android:name
		ADDED from [open_ad_sdk.aar] AndroidManifest.xml:16:13-86
activity#com.bytedance.sdk.openadsdk.activity.TTVideoLandingPageActivity
ADDED from [open_ad_sdk.aar] AndroidManifest.xml:18:9-21:47
	android:launchMode
		ADDED from [open_ad_sdk.aar] AndroidManifest.xml:21:13-44
	android:configChanges
		ADDED from [open_ad_sdk.aar] AndroidManifest.xml:20:13-74
	android:name
		ADDED from [open_ad_sdk.aar] AndroidManifest.xml:19:13-91
activity#com.bytedance.sdk.openadsdk.activity.TTRewardVideoActivity
ADDED from [open_ad_sdk.aar] AndroidManifest.xml:22:9-25:47
	android:launchMode
		ADDED from [open_ad_sdk.aar] AndroidManifest.xml:25:13-44
	android:configChanges
		ADDED from [open_ad_sdk.aar] AndroidManifest.xml:24:13-74
	android:name
		ADDED from [open_ad_sdk.aar] AndroidManifest.xml:23:13-86
activity#com.bytedance.sdk.openadsdk.activity.TTDelegateActivity
ADDED from [open_ad_sdk.aar] AndroidManifest.xml:26:9-29:75
	android:launchMode
		ADDED from [open_ad_sdk.aar] AndroidManifest.xml:28:13-44
	android:theme
		ADDED from [open_ad_sdk.aar] AndroidManifest.xml:29:13-72
	android:name
		ADDED from [open_ad_sdk.aar] AndroidManifest.xml:27:13-83
service#com.bytedance.sdk.openadsdk.service.TTDownloadService
ADDED from [open_ad_sdk.aar] AndroidManifest.xml:31:9-89
	android:name
		ADDED from [open_ad_sdk.aar] AndroidManifest.xml:31:18-86
service#com.bytedance.sdk.openadsdk.service.TTDownloadHandlerService
ADDED from [open_ad_sdk.aar] AndroidManifest.xml:32:9-96
	android:name
		ADDED from [open_ad_sdk.aar] AndroidManifest.xml:32:18-93
meta-data#android.support.VERSION
ADDED from [com.android.support:appcompat-v7:26.1.0] AndroidManifest.xml:26:9-28:38
MERGED from [com.android.support:animated-vector-drawable:26.1.0] AndroidManifest.xml:23:9-25:38
MERGED from [com.android.support:animated-vector-drawable:26.1.0] AndroidManifest.xml:23:9-25:38
MERGED from [com.android.support:support-vector-drawable:26.1.0] AndroidManifest.xml:23:9-25:38
MERGED from [com.android.support:support-vector-drawable:26.1.0] AndroidManifest.xml:23:9-25:38
MERGED from [com.android.support:support-v4:26.1.0] AndroidManifest.xml:26:9-28:38
MERGED from [com.android.support:support-v4:26.1.0] AndroidManifest.xml:26:9-28:38
MERGED from [com.android.support:support-media-compat:26.1.0] AndroidManifest.xml:26:9-28:38
MERGED from [com.android.support:support-media-compat:26.1.0] AndroidManifest.xml:26:9-28:38
MERGED from [com.android.support:support-fragment:26.1.0] AndroidManifest.xml:26:9-28:38
MERGED from [com.android.support:support-fragment:26.1.0] AndroidManifest.xml:26:9-28:38
MERGED from [com.android.support:support-core-utils:26.1.0] AndroidManifest.xml:26:9-28:38
MERGED from [com.android.support:support-core-utils:26.1.0] AndroidManifest.xml:26:9-28:38
MERGED from [com.android.support:support-core-ui:26.1.0] AndroidManifest.xml:26:9-28:38
MERGED from [com.android.support:support-core-ui:26.1.0] AndroidManifest.xml:26:9-28:38
MERGED from [com.android.support:support-compat:26.1.0] AndroidManifest.xml:26:9-28:38
MERGED from [com.android.support:support-compat:26.1.0] AndroidManifest.xml:26:9-28:38
	android:value
		ADDED from [com.android.support:appcompat-v7:26.1.0] AndroidManifest.xml:28:13-35
	android:name
		ADDED from [com.android.support:appcompat-v7:26.1.0] AndroidManifest.xml:27:13-51
meta-data#android.arch.lifecycle.VERSION
ADDED from [android.arch.lifecycle:runtime:1.0.0] AndroidManifest.xml:25:9-27:47
	android:value
		ADDED from [android.arch.lifecycle:runtime:1.0.0] AndroidManifest.xml:27:13-44
	android:name
		ADDED from [android.arch.lifecycle:runtime:1.0.0] AndroidManifest.xml:26:13-58